2025-01-30 21:49:09,512 INFO     Sending notify_new_login email to ['Zoe <ZOE@zulip.com>']
2025-01-30 21:49:44,396 INFO     Sending onboarding_zulip_topics email to ['user-23 <user-23@zulip.com>']
2025-01-30 21:49:44,422 INFO     Sending onboarding_zulip_guide email to ['user-23 <user-23@zulip.com>']
2025-01-30 21:49:44,444 INFO     Sending account_registered email to ['user-23 <user-23@zulip.com>']
2025-01-30 22:05:02,580 INFO     Sending notify_new_login email to ['King Hamlet <hamlet@zulip.com>']
2025-02-02 17:24:22,847 INFO     Sending notify_new_login email to ['Desdemona <desdemona@zulip.com>']
2025-02-02 17:24:31,837 INFO     Sending notify_new_login email to ['"Cordelia, Lear\'s daughter" <cordelia@zulip.com>']
2025-02-02 17:24:50,521 INFO     Sending onboarding_zulip_topics email to ['user-24 <user-24@zulip.com>']
2025-02-02 17:24:50,551 INFO     Sending onboarding_zulip_guide email to ['user-24 <user-24@zulip.com>']
2025-02-02 17:24:50,569 INFO     Sending account_registered email to ['user-24 <user-24@zulip.com>']
2025-02-02 17:25:38,558 INFO     Sending onboarding_zulip_topics email to ['user-25 <user-25@zulip.com>']
2025-02-02 17:25:38,564 INFO     Sending onboarding_zulip_guide email to ['user-25 <user-25@zulip.com>']
2025-02-02 17:25:38,570 INFO     Sending account_registered email to ['user-25 <user-25@zulip.com>']
2025-02-02 17:27:22,865 INFO     Sending confirm_registration email to ['demande.de55validation2@gmail.com'] in zulip (triggered from 127.0.0.1)
2025-02-02 19:58:17,026 INFO     Sending notify_new_login email to ['aaron <AARON@zulip.com>']
2025-02-02 21:04:45,749 INFO     Sending notify_new_login email to ['Zoe <ZOE@zulip.com>']
2025-02-03 15:14:47,584 INFO     Sending notify_new_login email to ['Desdemona <desdemona@zulip.com>']
2025-02-23 21:33:24,448 INFO     Sending onboarding_zulip_topics email to ['user-26 <user-26@zulip.com>']
2025-02-23 21:33:24,477 INFO     Sending onboarding_zulip_guide email to ['user-26 <user-26@zulip.com>']
2025-02-23 21:33:24,499 INFO     Sending account_registered email to ['user-26 <user-26@zulip.com>']
2025-02-23 21:35:24,013 INFO     Sending notify_new_login email to ['aaron <AARON@zulip.com>']
2025-02-24 13:51:49,751 INFO     Sending notify_new_login email to ['Zoe <ZOE@zulip.com>']
2025-02-24 13:54:47,398 INFO     Sending missed_message email to ['"Othello, the Moor of Venice" <othello@zulip.com>']
2025-02-24 14:00:46,850 INFO     Sending notify_new_login email to ['aaron <AARON@zulip.com>']
2025-02-24 14:02:36,162 INFO     Sending missed_message email to ['"Othello, the Moor of Venice" <othello@zulip.com>']
2025-02-24 14:04:04,626 INFO     Sending notify_new_login email to ['Zoe <ZOE@zulip.com>']
